<?xml version="1.0" encoding="UTF-8"?>
<!-- Generated by org.testng.reporters.JUnitReportReporter -->
<testsuite skipped="0" hostname="DESKTOP-9J1KF08" name="com.qa.Testcases.NewsLinkTest" tests="2" failures="0" timestamp="19 Aug 2020 07:40:54 GMT" time="27.129" errors="0">
  <testcase name="NewsLink" time="26.908" classname="com.qa.Testcases.NewsLinkTest"/>
  <testcase name="Defaultdate" time="0.221" classname="com.qa.Testcases.NewsLinkTest"/>
</testsuite> <!-- com.qa.Testcases.NewsLinkTest -->
