<?xml version="1.0" encoding="UTF-8"?>
<!-- Generated by org.testng.reporters.JUnitReportReporter -->
<testsuite skipped="0" hostname="DESKTOP-9J1KF08" name="com.qa.Testcases.SubEditorInavildCredentialsTest" tests="4" failures="0" timestamp="19 Aug 2020 07:40:54 GMT" time="42.725" errors="0">
  <testcase name="login_InvalidTestCases" time="10.666" classname="com.qa.Testcases.SubEditorInavildCredentialsTest"/>
  <testcase name="login_InvalidTestCases" time="10.716" classname="com.qa.Testcases.SubEditorInavildCredentialsTest"/>
  <testcase name="login_InvalidTestCases" time="10.690" classname="com.qa.Testcases.SubEditorInavildCredentialsTest"/>
  <testcase name="login_InvalidTestCases" time="10.653" classname="com.qa.Testcases.SubEditorInavildCredentialsTest"/>
</testsuite> <!-- com.qa.Testcases.SubEditorInavildCredentialsTest -->
