<?xml version="1.0" encoding="UTF-8"?>
<!-- Generated by org.testng.reporters.JUnitReportReporter -->
<testsuite skipped="0" hostname="DESKTOP-9J1KF08" name="com.qa.Testcases.EditorLoginInvalidCrendentials" tests="4" failures="0" timestamp="19 Aug 2020 07:40:54 GMT" time="42.716" errors="0">
  <testcase name="login_InvalidTestCases" time="10.552" classname="com.qa.Testcases.EditorLoginInvalidCrendentials"/>
  <testcase name="login_InvalidTestCases" time="10.646" classname="com.qa.Testcases.EditorLoginInvalidCrendentials"/>
  <testcase name="login_InvalidTestCases" time="10.839" classname="com.qa.Testcases.EditorLoginInvalidCrendentials"/>
  <testcase name="login_InvalidTestCases" time="10.679" classname="com.qa.Testcases.EditorLoginInvalidCrendentials"/>
</testsuite> <!-- com.qa.Testcases.EditorLoginInvalidCrendentials -->
