<?xml version="1.0" encoding="UTF-8"?>
<!-- Generated by org.testng.reporters.JUnitReportReporter -->
<testsuite skipped="0" hostname="DESKTOP-9J1KF08" name="com.qa.Testcases.EditorLoginTest" tests="1" failures="0" timestamp="19 Aug 2020 07:40:54 GMT" time="5.365" errors="0">
  <testcase name="loginTest" time="5.365" classname="com.qa.Testcases.EditorLoginTest"/>
</testsuite> <!-- com.qa.Testcases.EditorLoginTest -->
